#
# There is insufficient memory for the Java Runtime Environment to continue.
# Native memory allocation (malloc) failed to allocate 1048576 bytes for AllocateHeap
# Possible reasons:
#   The system is out of physical RAM or swap space
#   In 32 bit mode, the process size limit was hit
# Possible solutions:
#   Reduce memory load on the system
#   Increase physical memory or swap space
#   Check if swap backing store is full
#   Use 64 bit Java on a 64 bit OS
#   Decrease Java heap size (-Xmx/-Xms)
#   Decrease number of Java threads
#   Decrease Java thread stack sizes (-Xss)
#   Set larger code cache with -XX:ReservedCodeCacheSize=
# This output file may be truncated or incomplete.
#
#  Out of Memory Error (memory/allocation.inline.hpp:61), pid=2476, tid=0x000000000000017c
#
# JRE version:  (8.0_121-b13) (build )
# Java VM: Java HotSpot(TM) 64-Bit Server VM (25.121-b13 mixed mode windows-amd64 compressed oops)
# Failed to write core dump. Minidumps are not enabled by default on client versions of Windows
#

---------------  T H R E A D  ---------------

Current thread (0x0000000002390800):  JavaThread "Unknown thread" [_thread_in_vm, id=380, stack(0x0000000002290000,0x0000000002390000)]

Stack: [0x0000000002290000,0x0000000002390000]
[error occurred during error reporting (printing stack bounds), id 0xc0000005]

Native frames: (J=compiled Java code, j=interpreted, Vv=VM code, C=native code)


---------------  P R O C E S S  ---------------

Java Threads: ( => current thread )

Other Threads:

=>0x0000000002390800 (exited) JavaThread "Unknown thread" [_thread_in_vm, id=380, stack(0x0000000002290000,0x0000000002390000)]

VM state:not at safepoint (normal execution)

VM Mutex/Monitor currently owned by a thread: None

Heap:
 PSYoungGen      total 18432K, used 317K [0x00000000eb900000, 0x00000000ecd80000, 0x0000000100000000)
  eden space 15872K, 2% used [0x00000000eb900000,0x00000000eb94f5d0,0x00000000ec880000)
  from space 2560K, 0% used [0x00000000ecb00000,0x00000000ecb00000,0x00000000ecd80000)
  to   space 2560K, 0% used [0x00000000ec880000,0x00000000ec880000,0x00000000ecb00000)
 ParOldGen       total 42496K, used 0K [0x00000000c2a00000, 0x00000000c5380000, 0x00000000eb900000)
  object space 42496K, 0% used [0x00000000c2a00000,0x00000000c2a00000,0x00000000c5380000)
 Metaspace       used 770K, capacity 4480K, committed 4480K, reserved 1056768K
  class space    used 75K, capacity 384K, committed 384K, reserved 1048576K

Card table byte_map: [0x0000000011850000,0x0000000011a40000] byte_map_base: 0x000000001123b000

Marking Bits: (ParMarkBitMap*) 0x000000006b66b6d0
 Begin Bits: [0x0000000011d90000, 0x0000000012ce8000)
 End Bits:   [0x0000000012ce8000, 0x0000000013c40000)

Polling page: 0x0000000000680000

CodeCache: size=245760Kb used=327Kb max_used=327Kb free=245432Kb
 bounds [0x0000000002490000, 0x0000000002700000, 0x0000000011490000]
 total_blobs=57 nmethods=0 adapters=38
 compilation: enabled

Compilation events (0 events):
No events

GC Heap History (0 events):
No events

Deoptimization events (0 events):
No events

Internal exceptions (0 events):
No events

Events (10 events):
Event: 0.051 loading class java/lang/Short
Event: 0.051 loading class java/lang/Short done
Event: 0.051 loading class java/lang/Integer
Event: 0.051 loading class java/lang/Integer done
Event: 0.051 loading class java/lang/Long
Event: 0.051 loading class java/lang/Long done
Event: 0.055 loading class java/lang/NullPointerException
Event: 0.055 loading class java/lang/NullPointerException done
Event: 0.055 loading class java/lang/ArithmeticException
Event: 0.055 loading class java/lang/ArithmeticException done


Dynamic libraries:
0x00007ff650e10000 - 0x00007ff650e47000 	C:\Program Files\Java\jdk1.8.0_121\jre\bin\java.exe
0x00007ffba42e0000 - 0x00007ffba44b0000 	C:\Windows\SYSTEM32\ntdll.dll
0x00007ffba1ba0000 - 0x00007ffba1c4c000 	C:\Windows\System32\KERNEL32.DLL
0x00007ffba14f0000 - 0x00007ffba170d000 	C:\Windows\System32\KERNELBASE.dll
0x00007ffba3e90000 - 0x00007ffba3f32000 	C:\Windows\System32\ADVAPI32.dll
0x00007ffba1cb0000 - 0x00007ffba1d4e000 	C:\Windows\System32\msvcrt.dll
0x00007ffba1ae0000 - 0x00007ffba1b39000 	C:\Windows\System32\sechost.dll
0x00007ffba1870000 - 0x00007ffba1991000 	C:\Windows\System32\RPCRT4.dll
0x00007ffba3ac0000 - 0x00007ffba3c25000 	C:\Windows\System32\USER32.dll
0x00007ffba07d0000 - 0x00007ffba07ee000 	C:\Windows\System32\win32u.dll
0x00007ffba3d50000 - 0x00007ffba3d84000 	C:\Windows\System32\GDI32.dll
0x00007ffba0ac0000 - 0x00007ffba0c41000 	C:\Windows\System32\gdi32full.dll
0x00007ffb95fb0000 - 0x00007ffb9622a000 	C:\Windows\WinSxS\amd64_microsoft.windows.common-controls_6595b64144ccf1df_6.0.14393.2608_none_7ddacc7e8347078e\COMCTL32.dll
0x00007ffba3fb0000 - 0x00007ffba4275000 	C:\Windows\System32\combase.dll
0x00007ffba1710000 - 0x00007ffba1804000 	C:\Windows\System32\ucrtbase.dll
0x00007ffba0c50000 - 0x00007ffba0cba000 	C:\Windows\System32\bcryptPrimitives.dll
0x00007ffba3e60000 - 0x00007ffba3e8e000 	C:\Windows\System32\IMM32.DLL
0x000000006ad70000 - 0x000000006ae42000 	C:\Program Files\Java\jdk1.8.0_121\jre\bin\msvcr100.dll
0x000000006ae50000 - 0x000000006b6eb000 	C:\Program Files\Java\jdk1.8.0_121\jre\bin\server\jvm.dll
0x00007ffba2180000 - 0x00007ffba2188000 	C:\Windows\System32\PSAPI.DLL
0x00007ffb9ed00000 - 0x00007ffb9ed09000 	C:\Windows\SYSTEM32\WSOCK32.dll
0x00007ffb9ecd0000 - 0x00007ffb9ecf3000 	C:\Windows\SYSTEM32\WINMM.dll
0x00007ffba2230000 - 0x00007ffba229a000 	C:\Windows\System32\WS2_32.dll
0x00007ffb928b0000 - 0x00007ffb928ba000 	C:\Windows\SYSTEM32\VERSION.dll
0x00007ffb9ec70000 - 0x00007ffb9ec9b000 	C:\Windows\SYSTEM32\WINMMBASE.dll
0x00007ffba08a0000 - 0x00007ffba08e2000 	C:\Windows\System32\cfgmgr32.dll
0x000000006ad20000 - 0x000000006ad2f000 	C:\Program Files\Java\jdk1.8.0_121\jre\bin\verify.dll
0x000000006acf0000 - 0x000000006ad19000 	C:\Program Files\Java\jdk1.8.0_121\jre\bin\java.dll
0x000000006acd0000 - 0x000000006ace6000 	C:\Program Files\Java\jdk1.8.0_121\jre\bin\zip.dll

VM Arguments:
java_command: C:\Users\chupa\Documents\NetBeansProjects\WebServlet\target\surefire\surefirebooter3018133607770185044.jar C:\Users\chupa\Documents\NetBeansProjects\WebServlet\target\surefire\surefire1405332791856483113tmp C:\Users\chupa\Documents\NetBeansProjects\WebServlet\target\surefire\surefire4544953678450974415tmp
java_class_path (initial): C:\Users\chupa\Documents\NetBeansProjects\WebServlet\target\surefire\surefirebooter3018133607770185044.jar
Launcher Type: SUN_STANDARD

Environment Variables:
JAVA_HOME=C:\Program Files\Java\jdk1.8.0_121
PATH=C:\Program Files (x86)\Common Files\Oracle\Java\javapath;C:\oraclexe\app\oracle\product\10.2.0\server\bin;C:\ProgramData\Oracle\Java\javapath;C:\Windows\system32;C:\Windows;C:\Windows\System32\Wbem;C:\Windows\System32\WindowsPowerShell\v1.0\;C:\Program Files\Microsoft SQL Server\Client SDK\ODBC\110\Tools\Binn\;C:\Program Files (x86)\Microsoft SQL Server\120\Tools\Binn\;C:\Program Files\Microsoft SQL Server\120\Tools\Binn\;C:\Program Files\Microsoft SQL Server\120\DTS\Binn\;C:\Program Files\Git\cmd;C:\Users\chupa\AppData\Local\Microsoft\WindowsApps;C:\Program Files\JetBrains\IntelliJ IDEA 2018.3\bin;
USERNAME=chupa
OS=Windows_NT
PROCESSOR_IDENTIFIER=Intel64 Family 6 Model 92 Stepping 9, GenuineIntel



---------------  S Y S T E M  ---------------

OS: Windows 10.0 , 64 bit Build 14393 (10.0.14393.2608)

CPU:total 2 (2 cores per cpu, 1 threads per core) family 6 model 92 stepping 9, cmov, cx8, fxsr, mmx, sse, sse2, sse3, ssse3, sse4.1, sse4.2, popcnt, aes, clmul, erms, 3dnowpref, tsc, tscinvbit

Memory: 4k page, physical 4014368k(471316k free), swap 9528804k(7416k free)

vm_info: Java HotSpot(TM) 64-Bit Server VM (25.121-b13) for windows-amd64 JRE (1.8.0_121-b13), built on Dec 12 2016 18:21:36 by "java_re" with MS VC++ 10.0 (VS2010)

time: Mon Jan 28 23:15:45 2019
elapsed time: 0 seconds (0d 0h 0m 0s)

