#
# There is insufficient memory for the Java Runtime Environment to continue.
# Native memory allocation (malloc) failed to allocate 32744 bytes for ChunkPool::allocate
# Possible reasons:
#   The system is out of physical RAM or swap space
#   In 32 bit mode, the process size limit was hit
# Possible solutions:
#   Reduce memory load on the system
#   Increase physical memory or swap space
#   Check if swap backing store is full
#   Use 64 bit Java on a 64 bit OS
#   Decrease Java heap size (-Xmx/-Xms)
#   Decrease number of Java threads
#   Decrease Java thread stack sizes (-Xss)
#   Set larger code cache with -XX:ReservedCodeCacheSize=
# This output file may be truncated or incomplete.
#
#  Out of Memory Error (allocation.cpp:273), pid=3360, tid=0x000000000000234c
#
# JRE version: Java(TM) SE Runtime Environment (8.0_121-b13) (build 1.8.0_121-b13)
# Java VM: Java HotSpot(TM) 64-Bit Server VM (25.121-b13 mixed mode windows-amd64 compressed oops)
# Failed to write core dump. Minidumps are not enabled by default on client versions of Windows
#

---------------  T H R E A D  ---------------

Current thread (0x00000000149ac800):  JavaThread "C2 CompilerThread0" daemon [_thread_in_native, id=9036, stack(0x00000000159e0000,0x0000000015ae0000)]

Stack: [0x00000000159e0000,0x0000000015ae0000]
[error occurred during error reporting (printing stack bounds), id 0xc0000005]

Native frames: (J=compiled Java code, j=interpreted, Vv=VM code, C=native code)


Current CompileTask:
C2:  36503 3884       4       java.net.URLClassLoader$1::run (5 bytes)


---------------  P R O C E S S  ---------------

Java Threads: ( => current thread )
  0x0000000017454000 JavaThread "resolver-4" daemon [_thread_blocked, id=8732, stack(0x000000001b110000,0x000000001b210000)]
  0x0000000017aa4000 JavaThread "resolver-3" daemon [_thread_blocked, id=3388, stack(0x000000001b010000,0x000000001b110000)]
  0x0000000019d25800 JavaThread "resolver-2" daemon [_thread_blocked, id=11036, stack(0x00000000197d0000,0x00000000198d0000)]
  0x0000000019d25000 JavaThread "resolver-1" daemon [_thread_blocked, id=10916, stack(0x0000000019460000,0x0000000019560000)]
  0x0000000014a16000 JavaThread "Service Thread" daemon [_thread_blocked, id=7456, stack(0x0000000015be0000,0x0000000015ce0000)]
  0x00000000149ff000 JavaThread "C1 CompilerThread1" daemon [_thread_blocked, id=9588, stack(0x0000000015ae0000,0x0000000015be0000)]
=>0x00000000149ac800 JavaThread "C2 CompilerThread0" daemon [_thread_in_native, id=9036, stack(0x00000000159e0000,0x0000000015ae0000)]
  0x00000000149ab800 JavaThread "Attach Listener" daemon [_thread_blocked, id=8484, stack(0x00000000158e0000,0x00000000159e0000)]
  0x00000000149a6000 JavaThread "Signal Dispatcher" daemon [_thread_blocked, id=8244, stack(0x00000000157e0000,0x00000000158e0000)]
  0x0000000014998800 JavaThread "Finalizer" daemon [_thread_blocked, id=7304, stack(0x00000000155f0000,0x00000000156f0000)]
  0x000000000269e800 JavaThread "Reference Handler" daemon [_thread_blocked, id=9212, stack(0x00000000154f0000,0x00000000155f0000)]
  0x00000000024ae000 JavaThread "main" [_thread_in_native, id=5040, stack(0x00000000024b0000,0x00000000025b0000)]

Other Threads:
  0x0000000014976800 VMThread [stack: 0x00000000153f0000,0x00000000154f0000] [id=3380]
  0x0000000014a1b000 WatcherThread [stack: 0x00000000160e0000,0x00000000161e0000] [id=6496]

VM state:not at safepoint (normal execution)

VM Mutex/Monitor currently owned by a thread: None

Heap:
 PSYoungGen      total 69632K, used 21880K [0x00000000eb900000, 0x00000000f4300000, 0x0000000100000000)
  eden space 58368K, 37% used [0x00000000eb900000,0x00000000ece5e0f8,0x00000000ef200000)
  from space 11264K, 0% used [0x00000000ef200000,0x00000000ef200000,0x00000000efd00000)
  to   space 12288K, 0% used [0x00000000f3700000,0x00000000f3700000,0x00000000f4300000)
 ParOldGen       total 44544K, used 16461K [0x00000000c2a00000, 0x00000000c5580000, 0x00000000eb900000)
  object space 44544K, 36% used [0x00000000c2a00000,0x00000000c3a135c0,0x00000000c5580000)
 Metaspace       used 23762K, capacity 24392K, committed 24576K, reserved 1071104K
  class space    used 2833K, capacity 3051K, committed 3072K, reserved 1048576K

Card table byte_map: [0x0000000011a70000,0x0000000011c60000] byte_map_base: 0x000000001145b000

Marking Bits: (ParMarkBitMap*) 0x000000006b66b6d0
 Begin Bits: [0x0000000011fb0000, 0x0000000012f08000)
 End Bits:   [0x0000000012f08000, 0x0000000013e60000)

Polling page: 0x00000000023c0000

CodeCache: size=245760Kb used=12151Kb max_used=12936Kb free=233608Kb
 bounds [0x00000000026b0000, 0x0000000003360000, 0x00000000116b0000]
 total_blobs=3934 nmethods=3525 adapters=322
 compilation: enabled

Compilation events (10 events):
Event: 36.206 Thread 0x00000000149ff000 nmethod 3879 0x00000000029a3c50 code [0x00000000029a3dc0, 0x00000000029a40c8]
Event: 36.246 Thread 0x00000000149ff000 3880       3       java.io.BufferedOutputStream::flushBuffer (29 bytes)
Event: 36.247 Thread 0x00000000149ff000 nmethod 3880 0x0000000002ace3d0 code [0x0000000002ace540, 0x0000000002ace7c8]
Event: 36.271 Thread 0x00000000149ff000 3881       1       org.codehaus.plexus.util.MatchPattern::getTokenizedPathString (5 bytes)
Event: 36.271 Thread 0x00000000149ff000 nmethod 3881 0x0000000002ace110 code [0x0000000002ace260, 0x0000000002ace370]
Event: 36.272 Thread 0x00000000149ff000 3882       3       org.codehaus.plexus.util.MatchPattern::matchPath (26 bytes)
Event: 36.273 Thread 0x00000000149ff000 nmethod 3882 0x0000000002ba2c10 code [0x0000000002ba2dc0, 0x0000000002ba3478]
Event: 36.273 Thread 0x00000000149ff000 3883       3       org.codehaus.plexus.util.SelectorUtils::match (547 bytes)
Event: 36.276 Thread 0x00000000149ff000 nmethod 3883 0x0000000002ba04d0 code [0x0000000002ba07a0, 0x0000000002ba1f58]
Event: 36.279 Thread 0x00000000149ac800 3884       4       java.net.URLClassLoader$1::run (5 bytes)

GC Heap History (10 events):
Event: 7.510 GC heap before
{Heap before GC invocations=4 (full 0):
 PSYoungGen      total 34304K, used 34288K [0x00000000eb900000, 0x00000000efc00000, 0x0000000100000000)
  eden space 31744K, 100% used [0x00000000eb900000,0x00000000ed800000,0x00000000ed800000)
  from space 2560K, 99% used [0x00000000ed800000,0x00000000eda7c010,0x00000000eda80000)
  to   space 2560K, 0% used [0x00000000ef980000,0x00000000ef980000,0x00000000efc00000)
 ParOldGen       total 42496K, used 4915K [0x00000000c2a00000, 0x00000000c5380000, 0x00000000eb900000)
  object space 42496K, 11% used [0x00000000c2a00000,0x00000000c2ecccd0,0x00000000c5380000)
 Metaspace       used 12965K, capacity 13226K, committed 13440K, reserved 1060864K
  class space    used 1585K, capacity 1655K, committed 1664K, reserved 1048576K
Event: 7.541 GC heap after
Heap after GC invocations=4 (full 0):
 PSYoungGen      total 66048K, used 2544K [0x00000000eb900000, 0x00000000efc00000, 0x0000000100000000)
  eden space 63488K, 0% used [0x00000000eb900000,0x00000000eb900000,0x00000000ef700000)
  from space 2560K, 99% used [0x00000000ef980000,0x00000000efbfc030,0x00000000efc00000)
  to   space 2560K, 0% used [0x00000000ef700000,0x00000000ef700000,0x00000000ef980000)
 ParOldGen       total 42496K, used 7694K [0x00000000c2a00000, 0x00000000c5380000, 0x00000000eb900000)
  object space 42496K, 18% used [0x00000000c2a00000,0x00000000c3183ab0,0x00000000c5380000)
 Metaspace       used 12965K, capacity 13226K, committed 13440K, reserved 1060864K
  class space    used 1585K, capacity 1655K, committed 1664K, reserved 1048576K
}
Event: 15.285 GC heap before
{Heap before GC invocations=5 (full 0):
 PSYoungGen      total 66048K, used 66032K [0x00000000eb900000, 0x00000000efc00000, 0x0000000100000000)
  eden space 63488K, 100% used [0x00000000eb900000,0x00000000ef700000,0x00000000ef700000)
  from space 2560K, 99% used [0x00000000ef980000,0x00000000efbfc030,0x00000000efc00000)
  to   space 2560K, 0% used [0x00000000ef700000,0x00000000ef700000,0x00000000ef980000)
 ParOldGen       total 42496K, used 7694K [0x00000000c2a00000, 0x00000000c5380000, 0x00000000eb900000)
  object space 42496K, 18% used [0x00000000c2a00000,0x00000000c3183ab0,0x00000000c5380000)
 Metaspace       used 13709K, capacity 13986K, committed 14336K, reserved 1062912K
  class space    used 1630K, capacity 1695K, committed 1792K, reserved 1048576K
Event: 15.314 GC heap after
Heap after GC invocations=5 (full 0):
 PSYoungGen      total 64000K, used 2560K [0x00000000eb900000, 0x00000000f0500000, 0x0000000100000000)
  eden space 61440K, 0% used [0x00000000eb900000,0x00000000eb900000,0x00000000ef500000)
  from space 2560K, 100% used [0x00000000ef700000,0x00000000ef980000,0x00000000ef980000)
  to   space 8192K, 0% used [0x00000000efd00000,0x00000000efd00000,0x00000000f0500000)
 ParOldGen       total 42496K, used 10988K [0x00000000c2a00000, 0x00000000c5380000, 0x00000000eb900000)
  object space 42496K, 25% used [0x00000000c2a00000,0x00000000c34bb368,0x00000000c5380000)
 Metaspace       used 13709K, capacity 13986K, committed 14336K, reserved 1062912K
  class space    used 1630K, capacity 1695K, committed 1792K, reserved 1048576K
}
Event: 21.927 GC heap before
{Heap before GC invocations=6 (full 0):
 PSYoungGen      total 64000K, used 64000K [0x00000000eb900000, 0x00000000f0500000, 0x0000000100000000)
  eden space 61440K, 100% used [0x00000000eb900000,0x00000000ef500000,0x00000000ef500000)
  from space 2560K, 100% used [0x00000000ef700000,0x00000000ef980000,0x00000000ef980000)
  to   space 8192K, 0% used [0x00000000efd00000,0x00000000efd00000,0x00000000f0500000)
 ParOldGen       total 42496K, used 10988K [0x00000000c2a00000, 0x00000000c5380000, 0x00000000eb900000)
  object space 42496K, 25% used [0x00000000c2a00000,0x00000000c34bb368,0x00000000c5380000)
 Metaspace       used 19524K, capacity 19940K, committed 20096K, reserved 1067008K
  class space    used 2321K, capacity 2424K, committed 2432K, reserved 1048576K
Event: 21.976 GC heap after
Heap after GC invocations=6 (full 0):
 PSYoungGen      total 66560K, used 8160K [0x00000000eb900000, 0x00000000f0900000, 0x0000000100000000)
  eden space 58368K, 0% used [0x00000000eb900000,0x00000000eb900000,0x00000000ef200000)
  from space 8192K, 99% used [0x00000000efd00000,0x00000000f04f82c0,0x00000000f0500000)
  to   space 11264K, 0% used [0x00000000ef200000,0x00000000ef200000,0x00000000efd00000)
 ParOldGen       total 42496K, used 14227K [0x00000000c2a00000, 0x00000000c5380000, 0x00000000eb900000)
  object space 42496K, 33% used [0x00000000c2a00000,0x00000000c37e4cd8,0x00000000c5380000)
 Metaspace       used 19524K, capacity 19940K, committed 20096K, reserved 1067008K
  class space    used 2321K, capacity 2424K, committed 2432K, reserved 1048576K
}
Event: 24.956 GC heap before
{Heap before GC invocations=7 (full 0):
 PSYoungGen      total 66560K, used 28636K [0x00000000eb900000, 0x00000000f0900000, 0x0000000100000000)
  eden space 58368K, 35% used [0x00000000eb900000,0x00000000eccff0a8,0x00000000ef200000)
  from space 8192K, 99% used [0x00000000efd00000,0x00000000f04f82c0,0x00000000f0500000)
  to   space 11264K, 0% used [0x00000000ef200000,0x00000000ef200000,0x00000000efd00000)
 ParOldGen       total 42496K, used 14227K [0x00000000c2a00000, 0x00000000c5380000, 0x00000000eb900000)
  object space 42496K, 33% used [0x00000000c2a00000,0x00000000c37e4cd8,0x00000000c5380000)
 Metaspace       used 20633K, capacity 21116K, committed 21296K, reserved 1069056K
  class space    used 2452K, capacity 2619K, committed 2688K, reserved 1048576K
Event: 25.036 GC heap after
Heap after GC invocations=7 (full 0):
 PSYoungGen      total 69632K, used 8816K [0x00000000eb900000, 0x00000000f4300000, 0x0000000100000000)
  eden space 58368K, 0% used [0x00000000eb900000,0x00000000eb900000,0x00000000ef200000)
  from space 11264K, 78% used [0x00000000ef200000,0x00000000efa9c0a8,0x00000000efd00000)
  to   space 12288K, 0% used [0x00000000f3700000,0x00000000f3700000,0x00000000f4300000)
 ParOldGen       total 42496K, used 14763K [0x00000000c2a00000, 0x00000000c5380000, 0x00000000eb900000)
  object space 42496K, 34% used [0x00000000c2a00000,0x00000000c386ad28,0x00000000c5380000)
 Metaspace       used 20633K, capacity 21116K, committed 21296K, reserved 1069056K
  class space    used 2452K, capacity 2619K, committed 2688K, reserved 1048576K
}
Event: 25.036 GC heap before
{Heap before GC invocations=8 (full 1):
 PSYoungGen      total 69632K, used 8816K [0x00000000eb900000, 0x00000000f4300000, 0x0000000100000000)
  eden space 58368K, 0% used [0x00000000eb900000,0x00000000eb900000,0x00000000ef200000)
  from space 11264K, 78% used [0x00000000ef200000,0x00000000efa9c0a8,0x00000000efd00000)
  to   space 12288K, 0% used [0x00000000f3700000,0x00000000f3700000,0x00000000f4300000)
 ParOldGen       total 42496K, used 14763K [0x00000000c2a00000, 0x00000000c5380000, 0x00000000eb900000)
  object space 42496K, 34% used [0x00000000c2a00000,0x00000000c386ad28,0x00000000c5380000)
 Metaspace       used 20633K, capacity 21116K, committed 21296K, reserved 1069056K
  class space    used 2452K, capacity 2619K, committed 2688K, reserved 1048576K
Event: 25.268 GC heap after
Heap after GC invocations=8 (full 1):
 PSYoungGen      total 69632K, used 0K [0x00000000eb900000, 0x00000000f4300000, 0x0000000100000000)
  eden space 58368K, 0% used [0x00000000eb900000,0x00000000eb900000,0x00000000ef200000)
  from space 11264K, 0% used [0x00000000ef200000,0x00000000ef200000,0x00000000efd00000)
  to   space 12288K, 0% used [0x00000000f3700000,0x00000000f3700000,0x00000000f4300000)
 ParOldGen       total 44544K, used 16461K [0x00000000c2a00000, 0x00000000c5580000, 0x00000000eb900000)
  object space 44544K, 36% used [0x00000000c2a00000,0x00000000c3a135c0,0x00000000c5580000)
 Metaspace       used 20633K, capacity 21116K, committed 21296K, reserved 1069056K
  class space    used 2452K, capacity 2619K, committed 2688K, reserved 1048576K
}

Deoptimization events (10 events):
Event: 35.144 Thread 0x00000000024ae000 Uncommon trap: reason=class_check action=maybe_recompile pc=0x0000000002d683f8 method=java.util.regex.Pattern$7.isSatisfiedBy(I)Z @ 16
Event: 35.144 Thread 0x00000000024ae000 Uncommon trap: reason=class_check action=maybe_recompile pc=0x0000000002d683f8 method=java.util.regex.Pattern$7.isSatisfiedBy(I)Z @ 16
Event: 35.144 Thread 0x00000000024ae000 Uncommon trap: reason=class_check action=maybe_recompile pc=0x0000000002d68408 method=java.util.regex.Pattern$CharProperty$1.isSatisfiedBy(I)Z @ 5
Event: 35.144 Thread 0x00000000024ae000 Uncommon trap: reason=class_check action=maybe_recompile pc=0x0000000002d683f8 method=java.util.regex.Pattern$7.isSatisfiedBy(I)Z @ 16
Event: 35.144 Thread 0x00000000024ae000 Uncommon trap: reason=class_check action=maybe_recompile pc=0x0000000002d683f8 method=java.util.regex.Pattern$7.isSatisfiedBy(I)Z @ 16
Event: 35.144 Thread 0x00000000024ae000 Uncommon trap: reason=class_check action=maybe_recompile pc=0x0000000002d5c4f0 method=java.util.regex.Pattern$CharProperty$1.isSatisfiedBy(I)Z @ 5
Event: 35.144 Thread 0x00000000024ae000 Uncommon trap: reason=class_check action=maybe_recompile pc=0x0000000002d5c4f0 method=java.util.regex.Pattern$CharProperty$1.isSatisfiedBy(I)Z @ 5
Event: 35.144 Thread 0x00000000024ae000 Uncommon trap: reason=class_check action=maybe_recompile pc=0x0000000002d5c4f0 method=java.util.regex.Pattern$CharProperty$1.isSatisfiedBy(I)Z @ 5
Event: 35.153 Thread 0x00000000024ae000 Uncommon trap: reason=speculate_class_check action=maybe_recompile pc=0x0000000002e966dc method=java.util.ArrayList.<init>(Ljava/util/Collection;)V @ 36
Event: 35.153 Thread 0x00000000024ae000 Uncommon trap: reason=speculate_class_check action=maybe_recompile pc=0x0000000002e966dc method=java.util.ArrayList.<init>(Ljava/util/Collection;)V @ 36

Internal exceptions (10 events):
Event: 18.574 Thread 0x00000000024ae000 Exception <a 'java/lang/NoClassDefFoundError': org/slf4j/Logger> (0x00000000ed5f7230) thrown at [C:\re\workspace\8-2-build-windows-amd64-cygwin\jdk8u121\8372\hotspot\src\share\vm\oops\constantPool.cpp, line 235]
Event: 18.921 Thread 0x00000000024ae000 Exception <a 'java/lang/ClassNotFoundException': com/sun/tools/javac/api/JavacTool> (0x00000000ed7e3200) thrown at [C:\re\workspace\8-2-build-windows-amd64-cygwin\jdk8u121\8372\hotspot\src\share\vm\classfile\systemDictionary.cpp, line 210]
Event: 21.094 Thread 0x00000000024ae000 Exception <a 'java/io/FileNotFoundException'> (0x00000000ee89ed50) thrown at [C:\re\workspace\8-2-build-windows-amd64-cygwin\jdk8u121\8372\hotspot\src\share\vm\prims\jni.cpp, line 709]
Event: 21.163 Thread 0x00000000024ae000 Exception <a 'java/io/FileNotFoundException'> (0x00000000ee8e2c60) thrown at [C:\re\workspace\8-2-build-windows-amd64-cygwin\jdk8u121\8372\hotspot\src\share\vm\prims\jni.cpp, line 709]
Event: 23.515 Thread 0x00000000024ae000 Exception <a 'java/lang/NoClassDefFoundError': org/slf4j/Logger> (0x00000000ec218e70) thrown at [C:\re\workspace\8-2-build-windows-amd64-cygwin\jdk8u121\8372\hotspot\src\share\vm\oops\constantPool.cpp, line 235]
Event: 23.802 Thread 0x00000000024ae000 Implicit null exception at 0x0000000002d7e178 to 0x0000000002d7e1b6
Event: 35.387 Thread 0x00000000024ae000 Exception <a 'java/lang/NoClassDefFoundError': org/slf4j/Logger> (0x00000000ec4d2b88) thrown at [C:\re\workspace\8-2-build-windows-amd64-cygwin\jdk8u121\8372\hotspot\src\share\vm\oops\constantPool.cpp, line 235]
Event: 35.555 Thread 0x00000000024ae000 Exception <a 'java/io/FileNotFoundException'> (0x00000000ec741980) thrown at [C:\re\workspace\8-2-build-windows-amd64-cygwin\jdk8u121\8372\hotspot\src\share\vm\prims\jni.cpp, line 709]
Event: 35.697 Thread 0x00000000024ae000 Exception <a 'java/lang/NoSuchFieldError': method resolution failed> (0x00000000ec80dd40) thrown at [C:\re\workspace\8-2-build-windows-amd64-cygwin\jdk8u121\8372\hotspot\src\share\vm\prims\methodHandles.cpp, line 1146]
Event: 35.710 Thread 0x00000000024ae000 Exception <a 'java/lang/NoSuchFieldError': method resolution failed> (0x00000000ec81b7d0) thrown at [C:\re\workspace\8-2-build-windows-amd64-cygwin\jdk8u121\8372\hotspot\src\share\vm\prims\methodHandles.cpp, line 1146]

Events (10 events):
Event: 36.279 loading class org/codehaus/plexus/util/FileUtils
Event: 36.279 loading class org/codehaus/plexus/util/FileUtils done
Event: 36.283 loading class org/codehaus/plexus/util/io/InputStreamFacade
Event: 36.283 loading class org/codehaus/plexus/util/io/InputStreamFacade done
Event: 36.284 loading class org/codehaus/plexus/util/io/InputStreamFacade
Event: 36.284 loading class org/codehaus/plexus/util/io/InputStreamFacade done
Event: 36.438 loading class org/codehaus/plexus/util/IOUtil
Event: 36.438 loading class org/codehaus/plexus/util/IOUtil done
Event: 36.438 loading class org/codehaus/plexus/util/IOUtil
Event: 36.438 loading class org/codehaus/plexus/util/IOUtil done


Dynamic libraries:
0x00007ff77f970000 - 0x00007ff77f9a7000 	C:\Program Files\Java\jdk1.8.0_121\bin\java.exe
0x00007ffba42e0000 - 0x00007ffba44b0000 	C:\Windows\SYSTEM32\ntdll.dll
0x00007ffba1ba0000 - 0x00007ffba1c4c000 	C:\Windows\System32\KERNEL32.DLL
0x00007ffba14f0000 - 0x00007ffba170d000 	C:\Windows\System32\KERNELBASE.dll
0x00007ffba3e90000 - 0x00007ffba3f32000 	C:\Windows\System32\ADVAPI32.dll
0x00007ffba1cb0000 - 0x00007ffba1d4e000 	C:\Windows\System32\msvcrt.dll
0x00007ffba1ae0000 - 0x00007ffba1b39000 	C:\Windows\System32\sechost.dll
0x00007ffba1870000 - 0x00007ffba1991000 	C:\Windows\System32\RPCRT4.dll
0x00007ffba3ac0000 - 0x00007ffba3c25000 	C:\Windows\System32\USER32.dll
0x00007ffba07d0000 - 0x00007ffba07ee000 	C:\Windows\System32\win32u.dll
0x00007ffba3d50000 - 0x00007ffba3d84000 	C:\Windows\System32\GDI32.dll
0x00007ffba0ac0000 - 0x00007ffba0c41000 	C:\Windows\System32\gdi32full.dll
0x00007ffb95fb0000 - 0x00007ffb9622a000 	C:\Windows\WinSxS\amd64_microsoft.windows.common-controls_6595b64144ccf1df_6.0.14393.2608_none_7ddacc7e8347078e\COMCTL32.dll
0x00007ffba3fb0000 - 0x00007ffba4275000 	C:\Windows\System32\combase.dll
0x00007ffba1710000 - 0x00007ffba1804000 	C:\Windows\System32\ucrtbase.dll
0x00007ffba0c50000 - 0x00007ffba0cba000 	C:\Windows\System32\bcryptPrimitives.dll
0x00007ffba3e60000 - 0x00007ffba3e8e000 	C:\Windows\System32\IMM32.DLL
0x000000006ad70000 - 0x000000006ae42000 	C:\Program Files\Java\jdk1.8.0_121\jre\bin\msvcr100.dll
0x000000006ae50000 - 0x000000006b6eb000 	C:\Program Files\Java\jdk1.8.0_121\jre\bin\server\jvm.dll
0x00007ffba2180000 - 0x00007ffba2188000 	C:\Windows\System32\PSAPI.DLL
0x00007ffb9ed00000 - 0x00007ffb9ed09000 	C:\Windows\SYSTEM32\WSOCK32.dll
0x00007ffba2230000 - 0x00007ffba229a000 	C:\Windows\System32\WS2_32.dll
0x00007ffb9ecd0000 - 0x00007ffb9ecf3000 	C:\Windows\SYSTEM32\WINMM.dll
0x00007ffb928b0000 - 0x00007ffb928ba000 	C:\Windows\SYSTEM32\VERSION.dll
0x00007ffb9ec70000 - 0x00007ffb9ec9b000 	C:\Windows\SYSTEM32\WINMMBASE.dll
0x00007ffba08a0000 - 0x00007ffba08e2000 	C:\Windows\System32\cfgmgr32.dll
0x000000006ad20000 - 0x000000006ad2f000 	C:\Program Files\Java\jdk1.8.0_121\jre\bin\verify.dll
0x000000006acf0000 - 0x000000006ad19000 	C:\Program Files\Java\jdk1.8.0_121\jre\bin\java.dll
0x000000006acd0000 - 0x000000006ace6000 	C:\Program Files\Java\jdk1.8.0_121\jre\bin\zip.dll
0x00007ffba25b0000 - 0x00007ffba3ab5000 	C:\Windows\System32\SHELL32.dll
0x00007ffba0d70000 - 0x00007ffba1449000 	C:\Windows\System32\windows.storage.dll
0x00007ffba0750000 - 0x00007ffba079c000 	C:\Windows\System32\powrprof.dll
0x00007ffba1c50000 - 0x00007ffba1ca2000 	C:\Windows\System32\shlwapi.dll
0x00007ffba07c0000 - 0x00007ffba07cf000 	C:\Windows\System32\kernel.appcore.dll
0x00007ffba0cc0000 - 0x00007ffba0d69000 	C:\Windows\System32\shcore.dll
0x00007ffba07a0000 - 0x00007ffba07b4000 	C:\Windows\System32\profapi.dll
0x000000006acb0000 - 0x000000006acca000 	C:\Program Files\Java\jdk1.8.0_121\jre\bin\net.dll
0x00007ffba0010000 - 0x00007ffba006c000 	C:\Windows\system32\mswsock.dll
0x000000006ac90000 - 0x000000006aca1000 	C:\Program Files\Java\jdk1.8.0_121\jre\bin\nio.dll
0x00007ffba01b0000 - 0x00007ffba01c7000 	C:\Windows\SYSTEM32\CRYPTSP.dll
0x00007ffb9fc10000 - 0x00007ffb9fc43000 	C:\Windows\system32\rsaenh.dll
0x00007ffba0680000 - 0x00007ffba06ab000 	C:\Windows\SYSTEM32\bcrypt.dll
0x00007ffb9fe90000 - 0x00007ffb9feaf000 	C:\Windows\SYSTEM32\USERENV.dll
0x00007ffba01d0000 - 0x00007ffba01db000 	C:\Windows\SYSTEM32\CRYPTBASE.dll
0x00007ffb9fd90000 - 0x00007ffb9fdc8000 	C:\Windows\SYSTEM32\IPHLPAPI.DLL
0x00007ffba25a0000 - 0x00007ffba25a8000 	C:\Windows\System32\NSI.dll
0x00007ffb98ea0000 - 0x00007ffb98eb6000 	C:\Windows\SYSTEM32\dhcpcsvc6.DLL
0x00007ffb98f50000 - 0x00007ffb98f6a000 	C:\Windows\SYSTEM32\dhcpcsvc.DLL
0x000000006aaf0000 - 0x000000006ac88000 	C:\Program Files\Java\jdk1.8.0_121\jre\bin\awt.dll
0x00007ffba3d90000 - 0x00007ffba3e4f000 	C:\Windows\System32\OLEAUT32.dll
0x00007ffba1450000 - 0x00007ffba14ec000 	C:\Windows\System32\msvcp_win.dll
0x00007ffb9edc0000 - 0x00007ffb9ee3a000 	C:\Windows\SYSTEM32\apphelp.dll

VM Arguments:
jvm_args: -Dclassworlds.conf=C:\Program Files\NetBeans 8.2\java\maven\bin\m2.conf -Dmaven.home=C:\Program Files\NetBeans 8.2\java\maven 
java_command: org.codehaus.plexus.classworlds.launcher.Launcher -Dmaven.ext.class.path=C:\Program Files\NetBeans 8.2\java\maven-nblib\netbeans-eventspy.jar -Dfile.encoding=UTF-8 clean install
java_class_path (initial): C:\Program Files\NetBeans 8.2\java\maven\boot\plexus-classworlds-2.4.jar
Launcher Type: SUN_STANDARD

Environment Variables:
JAVA_HOME=C:\Program Files\Java\jdk1.8.0_121
PATH=C:\Program Files (x86)\Common Files\Oracle\Java\javapath;C:\oraclexe\app\oracle\product\10.2.0\server\bin;C:\ProgramData\Oracle\Java\javapath;C:\Windows\system32;C:\Windows;C:\Windows\System32\Wbem;C:\Windows\System32\WindowsPowerShell\v1.0\;C:\Program Files\Microsoft SQL Server\Client SDK\ODBC\110\Tools\Binn\;C:\Program Files (x86)\Microsoft SQL Server\120\Tools\Binn\;C:\Program Files\Microsoft SQL Server\120\Tools\Binn\;C:\Program Files\Microsoft SQL Server\120\DTS\Binn\;C:\Program Files\Git\cmd;C:\Users\chupa\AppData\Local\Microsoft\WindowsApps;C:\Program Files\JetBrains\IntelliJ IDEA 2018.3\bin;
USERNAME=chupa
OS=Windows_NT
PROCESSOR_IDENTIFIER=Intel64 Family 6 Model 92 Stepping 9, GenuineIntel



---------------  S Y S T E M  ---------------

OS: Windows 10.0 , 64 bit Build 14393 (10.0.14393.2608)

CPU:total 2 (2 cores per cpu, 1 threads per core) family 6 model 92 stepping 9, cmov, cx8, fxsr, mmx, sse, sse2, sse3, ssse3, sse4.1, sse4.2, popcnt, aes, clmul, erms, 3dnowpref, tsc, tscinvbit

Memory: 4k page, physical 4014368k(430512k free), swap 9528804k(5304k free)

vm_info: Java HotSpot(TM) 64-Bit Server VM (25.121-b13) for windows-amd64 JRE (1.8.0_121-b13), built on Dec 12 2016 18:21:36 by "java_re" with MS VC++ 10.0 (VS2010)

time: Mon Jan 28 23:18:28 2019
elapsed time: 36 seconds (0d 0h 0m 36s)

